User Text Segment [00400000]..[00440000]
[00400000] 8fa40000  lw $4, 0($29)            ; 183: lw $a0 0($sp) # argc 
[00400004] 27a50004  addiu $5, $29, 4         ; 184: addiu $a1 $sp 4 # argv 
[00400008] 24a60004  addiu $6, $5, 4          ; 185: addiu $a2 $a1 4 # envp 
[0040000c] 00041080  sll $2, $4, 2            ; 186: sll $v0 $a0 2 
[00400010] 00c23021  addu $6, $6, $2          ; 187: addu $a2 $a2 $v0 
[00400014] 0c100009  jal 0x00400024 [main]    ; 188: jal main 
[00400018] 00000000  nop                      ; 189: nop 
[0040001c] 3402000a  ori $2, $0, 10           ; 191: li $v0 10 
[00400020] 0000000c  syscall                  ; 192: syscall # syscall 10 (exit) 
[00400024] 27bdffe8  addiu $29, $29, -24      ; 19: addiu $sp,$sp,-24 # reserve space on stack (push) 
[00400028] afbf0014  sw $31, 20($29)          ; 20: sw $ra,20($sp) # save previous $ra 
[0040002c] afbe0010  sw $30, 16($29)          ; 21: sw $fp,16($sp) # save previous $fp 
[00400030] 001df021  addu $30, $0, $29        ; 22: move $fp,$sp # set $fp location 
[00400034] 34040007  ori $4, $0, 7            ; 23: li $a0,7 # initialize 1st arg for call 
[00400038] 34050008  ori $5, $0, 8            ; 24: li $a1,8 # initialize 2nd arg for call 
[0040003c] 0c100017  jal 0x0040005c [comp]    ; 25: jal comp # call comp procedure 
[00400040] 001ee821  addu $29, $0, $30        ; 26: move $sp,$fp # reset $sp 
[00400044] 8fbf0014  lw $31, 20($29)          ; 27: lw $ra,20($sp) # restore registers saved in stack frame 
[00400048] 8fbe0010  lw $30, 16($29)          ; 28: lw $fp,16($sp) # 
[0040004c] 27bd0020  addiu $29, $29, 32       ; 29: addiu $sp,$sp,32 # restore the stack pointer (pop) 
[00400050] 03e00008  jr $31                   ; 30: j $ra # return to caller 
[00400054] 3402000a  ori $2, $0, 10           ; 33: li $v0, 10 
[00400058] 0000000c  syscall                  ; 34: syscall # exit 
[0040005c] 27bdffd0  addiu $29, $29, -48      ; 46: addiu $sp,$sp,-48 # reserve space on the stack (push) 
[00400060] afbf002c  sw $31, 44($29)          ; 47: sw $ra,44($sp) # save previous $ra 
[00400064] afbe0028  sw $30, 40($29)          ; 48: sw $fp,40($sp) # save previous $fp 
[00400068] afb10024  sw $17, 36($29)          ; 49: sw $s1,36($sp) # save $s0, $s1 before using them 
[0040006c] afb00020  sw $16, 32($29)          ; 50: sw $s0,32($sp) 
[00400070] 001df021  addu $30, $0, $29        ; 51: move $fp,$sp # set $fp location 
[00400074] afc40030  sw $4, 48($30)           ; 52: sw $a0,48($fp) # save $a0, $a1 (2 arguments m, n of comp) in caller's frame 
[00400078] afc50034  sw $5, 52($30)           ; 53: sw $a1,52($fp) 
[0040007c] 34020001  ori $2, $0, 1            ; 54: li $v0,1 # store local variables a, b in frame (using $v0 as temp) 
[00400080] afc20018  sw $2, 24($30)           ; 55: sw $v0,24($fp) 
[00400084] 34020002  ori $2, $0, 2            ; 56: li $v0,2 
[00400088] afc2001c  sw $2, 28($30)           ; 57: sw $v0,28($fp) 
[0040008c] 34100005  ori $16, $0, 5           ; 58: li $s0,5 # register variables x, y stored in $s0, $s1 
[00400090] 34110006  ori $17, $0, 6           ; 59: li $s1,6 
[00400094] afb00010  sw $16, 16($29)          ; 60: sw $s0,16($sp) # pass arguments 5, 6 (x, y) via the stack 
[00400098] afb10014  sw $17, 20($29)          ; 61: sw $s1,20($sp) 
[0040009c] 8fc40018  lw $4, 24($30)           ; 62: lw $a0,24($fp) # put 1st 4 (a,b, m, n) arguments for call to args6 into $a0-$a3 
[004000a0] 8fc5001c  lw $5, 28($30)           ; 63: lw $a1,28($fp) 
[004000a4] 8fc60030  lw $6, 48($30)           ; 64: lw $a2,48($fp) 
[004000a8] 8fc70034  lw $7, 52($30)           ; 65: lw $a3,52($fp) 
[004000ac] 0c100034  jal 0x004000d0 [args6]   ; 66: jal args6 # call args6 procedure 
[004000b0] 02111021  addu $2, $16, $17        ; 67: addu $v0,$s0,$s1 # put the sum of x+y into return register $v0 
[004000b4] 001ee821  addu $29, $0, $30        ; 68: move $sp,$fp # set the stack pointer back to the frame pointer 
[004000b8] 8fbf002c  lw $31, 44($29)          ; 69: lw $ra,44($sp) # restore registers saved in stack frame 
[004000bc] 8fbe0028  lw $30, 40($29)          ; 70: lw $fp,40($sp) 
[004000c0] 8fb10024  lw $17, 36($29)          ; 71: lw $s1,36($sp) 
[004000c4] 8fb00020  lw $16, 32($29)          ; 72: lw $s0,32($sp) 
[004000c8] 27bd0030  addiu $29, $29, 48       ; 73: addiu $sp,$sp,48 # restore the stack pointer (pop) 
[004000cc] 03e00008  jr $31                   ; 74: j $ra # return to the caller 
[004000d0] 27bdfff8  addiu $29, $29, -8       ; 83: addiu $sp,$sp,-8 # reserve space on the stack (push) 
[004000d4] afbe0000  sw $30, 0($29)           ; 84: sw $fp,0($sp) # save previous $fp 
[004000d8] 001df021  addu $30, $0, $29        ; 85: move $fp,$sp # set $fp location 
[004000dc] afc40008  sw $4, 8($30)            ; 86: sw $a0,8($fp) # back up 1st 4 arguments into caller's frame 
[004000e0] afc5000c  sw $5, 12($30)           ; 87: sw $a1,12($fp) # 
[004000e4] afc60010  sw $6, 16($30)           ; 88: sw $a2,16($fp) # 
[004000e8] afc70014  sw $7, 20($30)           ; 89: sw $a3,20($fp) # 
[004000ec] 8fc30008  lw $3, 8($30)            ; 90: lw $v1,8($fp) # load and add the 1st 4 args and put sum in $v0 
[004000f0] 8fc2000c  lw $2, 12($30)           ; 91: lw $v0,12($fp) # 
[004000f4] 00621021  addu $2, $3, $2          ; 92: addu $v0,$v1,$v0 # 
[004000f8] 8fc30010  lw $3, 16($30)           ; 93: lw $v1,16($fp) # 
[004000fc] 00431021  addu $2, $2, $3          ; 94: addu $v0,$v0,$v1 # 
[00400100] 8fc30014  lw $3, 20($30)           ; 95: lw $v1,20($fp) # 
[00400104] 00431021  addu $2, $2, $3          ; 96: addu $v0,$v0,$v1 # 
[00400108] 8fc30018  lw $3, 24($30)           ; 97: lw $v1,24($fp) # load 5th argument from 24($fp) and add to $v0 
[0040010c] 00431021  addu $2, $2, $3          ; 98: addu $v0,$v0,$v1 # 
[00400110] 8fc3001c  lw $3, 28($30)           ; 99: lw $v1,28($fp) # load 6th argument from 28($fp) and add to $v0 
[00400114] 00431021  addu $2, $2, $3          ; 100: addu $v0,$v0,$v1 # 
[00400118] 001ee821  addu $29, $0, $30        ; 101: move $sp,$fp # reset $sp to $fp 
[0040011c] 8fbe0000  lw $30, 0($29)           ; 102: lw $fp,0($sp) # restore old value of $fp 
[00400120] 27bd0008  addiu $29, $29, 8        ; 103: addiu $sp,$sp,8 # restore the stack pointer (pop) 
[00400124] 03e00008  jr $31                   ; 104: j $ra # return to caller 

Kernel Text Segment [80000000]..[80010000]
[80000180] 0001d821  addu $27, $0, $1         ; 90: move $k1 $at # Save $at 
[80000184] 3c019000  lui $1, -28672           ; 92: sw $v0 s1 # Not re-entrant and we can't trust $sp 
[80000188] ac220200  sw $2, 512($1)           
[8000018c] 3c019000  lui $1, -28672           ; 93: sw $a0 s2 # But we need to use these registers 
[80000190] ac240204  sw $4, 516($1)           
[80000194] 401a6800  mfc0 $26, $13            ; 95: mfc0 $k0 $13 # Cause register 
[80000198] 001a2082  srl $4, $26, 2           ; 96: srl $a0 $k0 2 # Extract ExcCode Field 
[8000019c] 3084001f  andi $4, $4, 31          ; 97: andi $a0 $a0 0x1f 
[800001a0] 34020004  ori $2, $0, 4            ; 101: li $v0 4 # syscall 4 (print_str) 
[800001a4] 3c049000  lui $4, -28672 [__m1_]   ; 102: la $a0 __m1_ 
[800001a8] 0000000c  syscall                  ; 103: syscall 
[800001ac] 34020001  ori $2, $0, 1            ; 105: li $v0 1 # syscall 1 (print_int) 
[800001b0] 001a2082  srl $4, $26, 2           ; 106: srl $a0 $k0 2 # Extract ExcCode Field 
[800001b4] 3084001f  andi $4, $4, 31          ; 107: andi $a0 $a0 0x1f 
[800001b8] 0000000c  syscall                  ; 108: syscall 
[800001bc] 34020004  ori $2, $0, 4            ; 110: li $v0 4 # syscall 4 (print_str) 
[800001c0] 3344003c  andi $4, $26, 60         ; 111: andi $a0 $k0 0x3c 
[800001c4] 3c019000  lui $1, -28672           ; 112: lw $a0 __excp($a0) 
[800001c8] 00240821  addu $1, $1, $4          
[800001cc] 8c240180  lw $4, 384($1)           
[800001d0] 00000000  nop                      ; 113: nop 
[800001d4] 0000000c  syscall                  ; 114: syscall 
[800001d8] 34010018  ori $1, $0, 24           ; 116: bne $k0 0x18 ok_pc # Bad PC exception requires special checks 
[800001dc] 143a0008  bne $1, $26, 32 [ok_pc-0x800001dc] 
[800001e0] 00000000  nop                      ; 117: nop 
[800001e4] 40047000  mfc0 $4, $14             ; 119: mfc0 $a0 $14 # EPC 
[800001e8] 30840003  andi $4, $4, 3           ; 120: andi $a0 $a0 0x3 # Is EPC word-aligned? 
[800001ec] 10040004  beq $0, $4, 16 [ok_pc-0x800001ec]
[800001f0] 00000000  nop                      ; 122: nop 
[800001f4] 3402000a  ori $2, $0, 10           ; 124: li $v0 10 # Exit on really bad PC 
[800001f8] 0000000c  syscall                  ; 125: syscall 
[800001fc] 34020004  ori $2, $0, 4            ; 128: li $v0 4 # syscall 4 (print_str) 
[80000200] 3c019000  lui $1, -28672 [__m2_]   ; 129: la $a0 __m2_ 
[80000204] 3424000d  ori $4, $1, 13 [__m2_]   
[80000208] 0000000c  syscall                  ; 130: syscall 
[8000020c] 001a2082  srl $4, $26, 2           ; 132: srl $a0 $k0 2 # Extract ExcCode Field 
[80000210] 3084001f  andi $4, $4, 31          ; 133: andi $a0 $a0 0x1f 
[80000214] 14040002  bne $0, $4, 8 [ret-0x80000214]; 134: bne $a0 0 ret # 0 means exception was an interrupt 
[80000218] 00000000  nop                      ; 135: nop 
[8000021c] 401a7000  mfc0 $26, $14            ; 145: mfc0 $k0 $14 # Bump EPC register 
[80000220] 275a0004  addiu $26, $26, 4        ; 146: addiu $k0 $k0 4 # Skip faulting instruction 
[80000224] 409a7000  mtc0 $26, $14            ; 148: mtc0 $k0 $14 
[80000228] 3c019000  lui $1, -28672           ; 153: lw $v0 s1 # Restore other registers 
[8000022c] 8c220200  lw $2, 512($1)           
[80000230] 3c019000  lui $1, -28672           ; 154: lw $a0 s2 
[80000234] 8c240204  lw $4, 516($1)           
[80000238] 001b0821  addu $1, $0, $27         ; 157: move $at $k1 # Restore $at 
[8000023c] 40806800  mtc0 $0, $13             ; 160: mtc0 $0 $13 # Clear Cause register 
[80000240] 401a6000  mfc0 $26, $12            ; 162: mfc0 $k0 $12 # Set Status register 
[80000244] 375a0001  ori $26, $26, 1          ; 163: ori $k0 0x1 # Interrupts enabled 
[80000248] 409a6000  mtc0 $26, $12            ; 164: mtc0 $k0 $12 
[8000024c] 42000018  eret                     ; 167: eret 


User data segment [10000000]..[10040000]
[10000000]..[1003ffff]  00000000


User Stack [7ffff80c]..[80000000]
[7ffff80c]    00000001                                  . . . . 
[7ffff810]    7ffff8f8  00000000  7fffffed  7fffffe3    . . . . . . . . . . . . . . . . 
[7ffff820]    7fffffd4  7fffffc5  7fffffb0  7fffff93    . . . . . . . . . . . . . . . . 
[7ffff830]    7fffff84  7fffff7c  7fffff6c  7fffff5a    . . . . | . . . l . . . Z . . . 
[7ffff840]    7fffff43  7fffff14  7ffffee0  7ffffed6    C . . . . . . . . . . . . . . . 
[7ffff850]    7ffffe9a  7ffffe66  7ffffe45  7ffffe0f    . . . . f . . . E . . . . . . . 
[7ffff860]    7ffffdfd  7ffffde3  7ffffdd6  7ffffdc3    . . . . . . . . . . . . . . . . 
[7ffff870]    7ffffd90  7ffffd7e  7ffffd52  7ffffcf4    . . . . ~ . . . R . . . . . . . 
[7ffff880]    7ffffce5  7ffffcd4  7ffffc9a  7ffffc7b    . . . . . . . . . . . . { . . . 
[7ffff890]    7ffffc70  7ffffc5f  7ffffc45  7ffffc31    p . . . _ . . . E . . . 1 . . . 
[7ffff8a0]    7ffffc0f  7ffffbdf  7ffffbaf  7ffffb9f    . . . . . . . . . . . . . . . . 
[7ffff8b0]    7ffffb8d  7ffffb6c  7ffffb37  7ffffaf3    . . . . l . . . 7 . . . . . . . 
[7ffff8c0]    7ffffae8  7ffffad6  7ffffac7  7ffffab1    . . . . . . . . . . . . . . . . 
[7ffff8d0]    7ffffa6d  7ffffa1e  7ffffa15  7ffff9fe    m . . . . . . . . . . . . . . . 
[7ffff8e0]    7ffff99e  7ffff95d  7ffff93a  7ffff920    . . . . ] . . . : . . .   . . . 
[7ffff8f0]    00000000  00000000  64656d2f  732f6169    . . . . . . . . / m e d i a / s 
[7ffff900]    69565f66  61757472  786f426c  6168532d    f _ V i r t u a l B o x - S h a 
[7ffff910]    2f646572  3762616c  62616c2f  00732e32    r e d / l a b 7 / l a b 2 . s . 
[7ffff920]    504d4f43  425f5a49  505f4e49  3d485441    C O M P I Z _ B I N _ P A T H = 
[7ffff930]    7273752f  6e69622f  4947002f  414c5f4f    / u s r / b i n / . G I O _ L A 
[7ffff940]    48434e55  445f4445  544b5345  465f504f    U N C H E D _ D E S K T O P _ F 
[7ffff950]    5f454c49  3d444950  30323931  4f494700    I L E _ P I D = 1 9 2 0 . G I O 
[7ffff960]    55414c5f  4548434e  45445f44  4f544b53    _ L A U N C H E D _ D E S K T O 
[7ffff970]    49465f50  2f3d454c  2f727375  72616873    P _ F I L E = / u s r / s h a r 
[7ffff980]    70612f65  63696c70  6f697461  712f736e    e / a p p l i c a t i o n s / q 
[7ffff990]    69707374  65642e6d  6f746b73  45530070    t s p i m . d e s k t o p . S E 
[7ffff9a0]    4f495353  414d5f4e  4547414e  6f6c3d52    S S I O N _ M A N A G E R = l o 
[7ffff9b0]    2f6c6163  562d776e  75747269  6f426c61    c a l / n w - V i r t u a l B o 
[7ffff9c0]    2f403a78  2f706d74  4543492e  696e752d    x : @ / t m p / . I C E - u n i 
[7ffff9d0]    34312f78  752c3734  2f78696e  562d776e    x / 1 4 4 7 , u n i x / n w - V 
[7ffff9e0]    75747269  6f426c61  742f3a78  2e2f706d    i r t u a l B o x : / t m p / . 
[7ffff9f0]    2d454349  78696e75  3434312f  44580037    I C E - u n i x / 1 4 4 7 . X D 
[7ffffa00]    454d5f47  505f554e  49464552  6e673d58    G _ M E N U _ P R E F I X = g n 
[7ffffa10]    2d656d6f  424f4a00  7562643d  44580073    o m e - . J O B = d b u s . X D 
[7ffffa20]    41445f47  445f4154  3d535249  7273752f    G _ D A T A _ D I R S = / u s r 
[7ffffa30]    6168732f  752f6572  746e7562  752f3a75    / s h a r e / u b u n t u : / u 
[7ffffa40]    732f7273  65726168  6f6e672f  2f3a656d    s r / s h a r e / g n o m e : / 
[7ffffa50]    2f727375  61636f6c  68732f6c  2f657261    u s r / l o c a l / s h a r e / 
[7ffffa60]    73752f3a  68732f72  2f657261  47445800    : / u s r / s h a r e / . X D G 
[7ffffa70]    4e4f435f  5f474946  53524944  74652f3d    _ C O N F I G _ D I R S = / e t 
[7ffffa80]    64782f63  64782f67  62752d67  75746e75    c / x d g / x d g - u b u n t u 
[7ffffa90]    73752f3a  68732f72  2f657261  74737075    : / u s r / s h a r e / u p s t 
[7ffffaa0]    2f747261  3a676478  6374652f  6764782f    a r t / x d g : / e t c / x d g 
[7ffffab0]    554c4300  52455454  5f4d495f  55444f4d    . C L U T T E R _ I M _ M O D U 
[7ffffac0]    783d454c  50006d69  2f3d4457  656d6f68    L E = x i m . P W D = / h o m e 
[7ffffad0]    63696e2f  5451006b  5f4d495f  55444f4d    / n i c k . Q T _ I M _ M O D U 
[7ffffae0]    693d454c  00737562  5f474458  524e5456    L E = i b u s . X D G _ V T N R 
[7ffffaf0]    5500373d  41545350  535f5452  49535345    = 7 . U P S T A R T _ S E S S I 
[7ffffb00]    753d4e4f  3a78696e  74736261  74636172    O N = u n i x : a b s t r a c t 
[7ffffb10]    6f632f3d  62752f6d  75746e75  7370752f    = / c o m / u b u n t u / u p s 
[7ffffb20]    74726174  7365732d  6e6f6973  3030312f    t a r t - s e s s i o n / 1 0 0 
[7ffffb30]    32312f30  47003434  415f4750  544e4547    0 / 1 2 4 4 . G P G _ A G E N T 
[7ffffb40]    464e495f  722f3d4f  752f6e75  2f726573    _ I N F O = / r u n / u s e r / 
[7ffffb50]    30303031  79656b2f  676e6972  7242592d    1 0 0 0 / k e y r i n g - Y B r 
[7ffffb60]    2f734e35  3a677067  00313a30  54584554    5 N s / g p g : 0 : 1 . T E X T 
[7ffffb70]    414d4f44  49444e49  752f3d52  732f7273    D O M A I N D I R = / u s r / s 
[7ffffb80]    65726168  636f6c2f  2f656c61  4d444700    h a r e / l o c a l e / . G D M 
[7ffffb90]    53534553  3d4e4f49  6e756275  53007574    S E S S I O N = u b u n t u . S 
[7ffffba0]    4c4c4548  69622f3d  61622f6e  53006873    H E L L = / b i n / b a s h . S 
[7ffffbb0]    415f4853  5f485455  4b434f53  75722f3d    S H _ A U T H _ S O C K = / r u 
[7ffffbc0]    73752f6e  312f7265  2f303030  7279656b    n / u s e r / 1 0 0 0 / k e y r 
[7ffffbd0]    2d676e69  35724259  732f734e  58006873    i n g - Y B r 5 N s / s s h . X 
[7ffffbe0]    475f4744  54454552  445f5245  5f415441    D G _ G R E E T E R _ D A T A _ 
[7ffffbf0]    3d524944  7261762f  62696c2f  67696c2f    D I R = / v a r / l i b / l i g 
[7ffffc00]    6d647468  7461642d  696e2f61  58006b63    h t d m - d a t a / n i c k . X 
[7ffffc10]    48545541  5449524f  682f3d59  2f656d6f    A U T H O R I T Y = / h o m e / 
[7ffffc20]    6b63696e  61582e2f  6f687475  79746972    n i c k / . X a u t h o r i t y 
[7ffffc30]    4f4d5800  49464944  3d535245  3d6d6940    . X M O D I F I E R S = @ i m = 
[7ffffc40]    73756269  47445800  5255435f  544e4552    i b u s . X D G _ C U R R E N T 
[7ffffc50]    5345445f  504f544b  696e553d  4c007974    _ D E S K T O P = U n i t y . L 
[7ffffc60]    3d474e41  555f6e65  54552e53  00382d46    A N G = e n _ U S . U T F - 8 . 
[7ffffc70]    50534944  3d59414c  5800303a  525f4744    D I S P L A Y = : 0 . X D G _ R 
[7ffffc80]    49544e55  445f454d  2f3d5249  2f6e7572    U N T I M E _ D I R = / r u n / 
[7ffffc90]    72657375  3030312f  44580030  45535f47    u s e r / 1 0 0 0 . X D G _ S E 
[7ffffca0]    4f495353  41505f4e  2f3d4854  2f67726f    S S I O N _ P A T H = / o r g / 
[7ffffcb0]    65657266  6b736564  2f706f74  70736944    f r e e d e s k t o p / D i s p 
[7ffffcc0]    4d79616c  67616e61  532f7265  69737365    l a y M a n a g e r / S e s s i 
[7ffffcd0]    00306e6f  494c4553  5f58554e  54494e49    o n 0 . S E L I N U X _ I N I T 
[7ffffce0]    5345593d  4d444700  4e414c5f  6e653d47    = Y E S . G D M _ L A N G = e n 
[7ffffcf0]    0053555f  48544150  73752f3d  6f6c2f72    _ U S . P A T H = / u s r / l o 
[7ffffd00]    2f6c6163  6e696273  73752f3a  6f6c2f72    c a l / s b i n : / u s r / l o 
[7ffffd10]    2f6c6163  3a6e6962  7273752f  6962732f    c a l / b i n : / u s r / s b i 
[7ffffd20]    752f3a6e  622f7273  2f3a6e69  6e696273    n : / u s r / b i n : / s b i n 
[7ffffd30]    69622f3a  752f3a6e  672f7273  73656d61    : / b i n : / u s r / g a m e s 
[7ffffd40]    73752f3a  6f6c2f72  2f6c6163  656d6167    : / u s r / l o c a l / g a m e 
[7ffffd50]    4e470073  5f454d4f  4b534544  5f504f54    s . G N O M E _ D E S K T O P _ 
[7ffffd60]    53534553  5f4e4f49  743d4449  2d736968    S E S S I O N _ I D = t h i s - 
[7ffffd70]    642d7369  65727065  65746163  44580064    i s - d e p r e c a t e d . X D 
[7ffffd80]    45535f47  4f495353  44495f4e  0031633d    G _ S E S S I O N _ I D = c 1 . 
[7ffffd90]    41464544  53544c55  5441505f  752f3d48    D E F A U L T S _ P A T H = / u 
[7ffffda0]    732f7273  65726168  6f63672f  752f666e    s r / s h a r e / g c o n f / u 
[7ffffdb0]    746e7562  65642e75  6c756166  61702e74    b u n t u . d e f a u l t . p a 
[7ffffdc0]    47006874  495f4b54  4f4d5f4d  454c5544    t h . G T K _ I M _ M O D U L E 
[7ffffdd0]    7562693d  4f4c0073  4d414e47  696e3d45    = i b u s . L O G N A M E = n i 
[7ffffde0]    53006b63  49535345  59544e4f  673d4550    c k . S E S S I O N T Y P E = g 
[7ffffdf0]    656d6f6e  7365732d  6e6f6973  5f4d4900    n o m e - s e s s i o n . I M _ 
[7ffffe00]    464e4f43  505f4749  45534148  4d00313d    C O N F I G _ P H A S E = 1 . M 
[7ffffe10]    41444e41  59524f54  5441505f  752f3d48    A N D A T O R Y _ P A T H = / u 
[7ffffe20]    732f7273  65726168  6f63672f  752f666e    s r / s h a r e / g c o n f / u 
[7ffffe30]    746e7562  616d2e75  7461646e  2e79726f    b u n t u . m a n d a t o r y . 
[7ffffe40]    68746170  5f545100  5f415051  54414c50    p a t h . Q T _ Q P A _ P L A T 
[7ffffe50]    4d524f46  4d454854  70613d45  6e656d70    F O R M T H E M E = a p p m e n 
[7ffffe60]    74712d75  4e470035  5f454d4f  5259454b    u - q t 5 . G N O M E _ K E Y R 
[7ffffe70]    5f474e49  544e4f43  3d4c4f52  6e75722f    I N G _ C O N T R O L = / r u n 
[7ffffe80]    6573752f  30312f72  6b2f3030  69727965    / u s e r / 1 0 0 0 / k e y r i 
[7ffffe90]    592d676e  4e357242  42440073  535f5355    n g - Y B r 5 N s . D B U S _ S 
[7ffffea0]    49535345  425f4e4f  415f5355  45524444    E S S I O N _ B U S _ A D D R E 
[7ffffeb0]    753d5353  3a78696e  74736261  74636172    S S = u n i x : a b s t r a c t 
[7ffffec0]    6d742f3d  62642f70  472d7375  467a4f68    = / t m p / d b u s - G h O z F 
[7ffffed0]    75317a79  4e490032  4e415453  003d4543    y z 1 u 2 . I N S T A N C E = . 
[7ffffee0]    5f474458  54414553  5441505f  6f2f3d48    X D G _ S E A T _ P A T H = / o 
[7ffffef0]    662f6772  64656572  746b7365  442f706f    r g / f r e e d e s k t o p / D 
[7fffff00]    6c707369  614d7961  6567616e  65532f72    i s p l a y M a n a g e r / S e 
[7fffff10]    00307461  5f4b5447  55444f4d  3d53454c    a t 0 . G T K _ M O D U L E S = 
[7fffff20]    7265766f  2d79616c  6f726373  61626c6c    o v e r l a y - s c r o l l b a 
[7fffff30]    6e753a72  2d797469  2d6b7467  75646f6d    r : u n i t y - g t k - m o d u 
[7fffff40]    4400656c  544b5345  535f504f  49535345    l e . D E S K T O P _ S E S S I 
[7fffff50]    753d4e4f  746e7562  54510075  4d495f34    O N = u b u n t u . Q T 4 _ I M 
[7fffff60]    444f4d5f  3d454c55  006d6978  454d4f48    _ M O D U L E = x i m . H O M E 
[7fffff70]    6f682f3d  6e2f656d  006b6369  564c4853    = / h o m e / n i c k . S H L V 
[7fffff80]    00303d4c  53534553  3d4e4f49  6e756275    L = 0 . S E S S I O N = u b u n 
[7fffff90]    43007574  49504d4f  4f435f5a  4749464e    t u . C O M P I Z _ C O N F I G 
[7fffffa0]    4f52505f  454c4946  7562753d  0075746e    _ P R O F I L E = u b u n t u . 
[7fffffb0]    54584554  414d4f44  693d4e49  6f632d6d    T E X T D O M A I N = i m - c o 
[7fffffc0]    6769666e  47445800  4145535f  65733d54    n f i g . X D G _ S E A T = s e 
[7fffffd0]    00307461  474e414c  45474155  5f6e653d    a t 0 . L A N G U A G E = e n _ 
[7fffffe0]    55005355  3d524553  6b63696e  4f4e4700    U S . U S E R = n i c k . G N O 
[7ffffff0]    4b5f454d  49525945  505f474e  003d4449    M E _ K E Y R I N G _ P I D = . 


Kernel data segment [90000000]..[90010000]
[90000000]    78452020  74706563  206e6f69  636f2000        E x c e p t i o n   .   o c 
[90000010]    72727563  61206465  6920646e  726f6e67    c u r r e d   a n d   i g n o r 
[90000020]    000a6465  495b2020  7265746e  74707572    e d . .     [ I n t e r r u p t 
[90000030]    2000205d  4c545b20  20005d42  4c545b20    ]   .     [ T L B ] .     [ T L 
[90000040]    20005d42  4c545b20  20005d42  64415b20    B ] .     [ T L B ] .     [ A d 
[90000050]    73657264  72652073  20726f72  69206e69    d r e s s   e r r o r   i n   i 
[90000060]    2f74736e  61746164  74656620  205d6863    n s t / d a t a   f e t c h ]   
[90000070]    5b202000  72646441  20737365  6f727265    .     [ A d d r e s s   e r r o 
[90000080]    6e692072  6f747320  205d6572  5b202000    r   i n   s t o r e ]   .     [ 
[90000090]    20646142  74736e69  74637572  206e6f69    B a d   i n s t r u c t i o n   
[900000a0]    72646461  5d737365  20200020  6461425b    a d d r e s s ]   .     [ B a d 
[900000b0]    74616420  64612061  73657264  00205d73      d a t a   a d d r e s s ]   . 
[900000c0]    455b2020  726f7272  206e6920  63737973        [ E r r o r   i n   s y s c 
[900000d0]    5d6c6c61  20200020  6572425b  6f706b61    a l l ]   .     [ B r e a k p o 
[900000e0]    5d746e69  20200020  7365525b  65767265    i n t ]   .     [ R e s e r v e 
[900000f0]    6e692064  75727473  6f697463  00205d6e    d   i n s t r u c t i o n ]   . 
[90000100]    5b202000  74697241  74656d68  6f206369    .     [ A r i t h m e t i c   o 
[90000110]    66726576  5d776f6c  20200020  6172545b    v e r f l o w ]   .     [ T r a 
[90000120]    00205d70  5b202000  616f6c46  676e6974    p ]   . .     [ F l o a t i n g 
[90000130]    696f7020  205d746e  20000000  6f435b20      p o i n t ]   . . .     [ C o 
[90000140]    636f7270  005d3220  20000000  444d5b20    p r o c   2 ] . . . .     [ M D 
[90000150]    005d584d  575b2020  68637461  2020005d    M X ] .     [ W a t c h ] .     
[90000160]    63614d5b  656e6968  65686320  005d6b63    [ M a c h i n e   c h e c k ] . 
[90000170]    00000000  5b202000  68636143  00005d65    . . . . .     [ C a c h e ] . . 
[90000180]    90000024  90000033  9000003b  90000043    $ . . . 3 . . . ; . . . C . . . 
[90000190]    9000004b  90000071  9000008d  900000aa    K . . . q . . . . . . . . . . . 
[900001a0]    900000c0  900000d6  900000e6  90000100    . . . . . . . . . . . . . . . . 
[900001b0]    90000101  9000011a  90000124  90000125    . . . . . . . . $ . . . % . . . 
[900001c0]    90000139  9000013a  9000013b  90000148    9 . . . : . . . ; . . . H . . . 
[900001d0]    90000149  9000014a  9000014b  90000154    I . . . J . . . K . . . T . . . 
[900001e0]    9000015e  90000170  90000171  90000172    ^ . . . p . . . q . . . r . . . 
[900001f0]    90000173  90000174  90000175  9000017f    s . . . t . . . u . . . . . . . 
[90000200]..[9000ffff]  00000000


